2019-02-12 10:16:31 - PHP Notice:  Undefined variable: search in D:\OpenServer\domains\tea.loc\catalog\view\theme\tea\template\common\cart.tpl on line 3
2019-02-12 10:16:31 - PHP Notice:  Undefined variable: text_search in D:\OpenServer\domains\tea.loc\catalog\view\theme\tea\template\common\cart.tpl on line 3
2019-02-12 10:42:50 - PHP Notice:  Undefined index: list_thumb in D:\OpenServer\domains\tea.loc\catalog\view\theme\tea\template\product\manufacturer_info.tpl on line 110
2019-02-12 10:44:06 - PHP Notice:  Undefined index: list_thumb in D:\OpenServer\domains\tea.loc\catalog\view\theme\tea\template\product\manufacturer_info.tpl on line 110
2019-02-12 10:44:38 - PHP Notice:  Undefined index: list_thumb in D:\OpenServer\domains\tea.loc\catalog\view\theme\tea\template\product\manufacturer_info.tpl on line 110
2019-02-12 10:44:38 - PHP Notice:  Undefined variable: categories in D:\OpenServer\domains\tea.loc\catalog\view\theme\tea\template\product\manufacturer_info.tpl on line 143
2019-02-12 10:44:50 - PHP Notice:  Undefined index: list_thumb in D:\OpenServer\domains\tea.loc\catalog\view\theme\tea\template\product\manufacturer_info.tpl on line 110
2019-02-12 10:45:33 - PHP Notice:  Undefined index: list_thumb in D:\OpenServer\domains\tea.loc\catalog\view\theme\tea\template\product\manufacturer_info.tpl on line 110
2019-02-12 10:46:17 - PHP Notice:  Undefined index: list_thumb in D:\OpenServer\domains\tea.loc\catalog\view\theme\tea\template\product\manufacturer_info.tpl on line 110
2019-02-12 10:46:17 - PHP Notice:  Undefined variable: bottom_description in D:\OpenServer\domains\tea.loc\catalog\view\theme\tea\template\product\manufacturer_info.tpl on line 150
2019-02-12 10:48:56 - PHP Notice:  Undefined index: bottom_description in D:\OpenServer\domains\tea.loc\admin\view\template\catalog\manufacturer_form.tpl on line 54
2019-02-12 10:49:34 - PHP Notice:  Undefined index: list_thumb in D:\OpenServer\domains\tea.loc\catalog\view\theme\tea\template\product\manufacturer_info.tpl on line 110
2019-02-12 10:49:34 - PHP Notice:  Undefined variable: bottom_description in D:\OpenServer\domains\tea.loc\catalog\view\theme\tea\template\product\manufacturer_info.tpl on line 150
2019-02-12 10:50:33 - PHP Notice:  Undefined index: list_thumb in D:\OpenServer\domains\tea.loc\catalog\view\theme\tea\template\product\manufacturer_info.tpl on line 110
2019-02-12 11:00:52 - PHP Notice:  Undefined index: list_thumb in D:\OpenServer\domains\tea.loc\catalog\view\theme\tea\template\product\search.tpl on line 110
2019-02-12 11:01:48 - PHP Notice:  Undefined index: list_thumb in D:\OpenServer\domains\tea.loc\catalog\view\theme\tea\template\product\search.tpl on line 110
2019-02-12 11:01:50 - PHP Notice:  Undefined index: list_thumb in D:\OpenServer\domains\tea.loc\catalog\view\theme\tea\template\product\search.tpl on line 110
2019-02-12 11:02:20 - PHP Notice:  Undefined index: list_thumb in D:\OpenServer\domains\tea.loc\catalog\view\theme\tea\template\product\search.tpl on line 156
2019-02-12 11:02:44 - PHP Notice:  Undefined index: list_thumb in D:\OpenServer\domains\tea.loc\catalog\view\theme\tea\template\product\search.tpl on line 156
2019-02-12 11:03:31 - PHP Notice:  Undefined index: list_thumb in D:\OpenServer\domains\tea.loc\catalog\view\theme\tea\template\product\search.tpl on line 156
2019-02-12 11:04:31 - PHP Notice:  Undefined index: list_thumb in D:\OpenServer\domains\tea.loc\catalog\view\theme\tea\template\product\search.tpl on line 156
2019-02-12 11:06:18 - PHP Notice:  Undefined variable: bottom_description in D:\OpenServer\domains\tea.loc\catalog\view\theme\tea\template\product\search.tpl on line 198
2019-02-12 11:09:44 - PHP Notice:  Undefined index: list_thumb in D:\OpenServer\domains\tea.loc\catalog\view\theme\tea\template\product\search.tpl on line 156
2019-02-12 11:09:48 - PHP Notice:  Undefined index: list_thumb in D:\OpenServer\domains\tea.loc\catalog\view\theme\tea\template\product\search.tpl on line 156
2019-02-12 11:09:53 - PHP Notice:  Undefined index: list_thumb in D:\OpenServer\domains\tea.loc\catalog\view\theme\tea\template\product\search.tpl on line 156
2019-02-12 11:10:00 - PHP Notice:  Undefined index: list_thumb in D:\OpenServer\domains\tea.loc\catalog\view\theme\tea\template\product\search.tpl on line 156
2019-02-12 11:10:04 - PHP Notice:  Undefined index: list_thumb in D:\OpenServer\domains\tea.loc\catalog\view\theme\tea\template\product\search.tpl on line 156
2019-02-12 11:10:09 - PHP Notice:  Undefined index: list_thumb in D:\OpenServer\domains\tea.loc\catalog\view\theme\tea\template\product\search.tpl on line 156
2019-02-12 11:12:24 - PHP Notice:  Undefined index: list_thumb in D:\OpenServer\domains\tea.loc\catalog\view\theme\tea\template\product\search.tpl on line 156
2019-02-12 11:12:50 - PHP Notice:  Undefined index: list_thumb in D:\OpenServer\domains\tea.loc\catalog\view\theme\tea\template\product\search.tpl on line 156
2019-02-12 11:13:05 - PHP Notice:  Undefined index: list_thumb in D:\OpenServer\domains\tea.loc\catalog\view\theme\tea\template\product\search.tpl on line 156
